This file contains any messages produced by compilers while
running configure, to aid debugging if configure makes a mistake.

It was created by primesieve configure 5.4.2, which was
generated by GNU Autoconf 2.69.  Invocation command line was

  $ ./configure --prefix=/home/matt

## --------- ##
## Platform. ##
## --------- ##

hostname = trinity
uname -m = x86_64
uname -r = 3.19.8-100.fc20.x86_64
uname -s = Linux
uname -v = #1 SMP Tue May 12 17:08:50 UTC 2015

/usr/bin/uname -p = x86_64
/bin/uname -X     = unknown

/bin/arch              = x86_64
/usr/bin/arch -k       = unknown
/usr/convex/getsysinfo = unknown
/usr/bin/hostinfo      = unknown
/bin/machine           = unknown
/usr/bin/oslevel       = unknown
/bin/universe          = unknown

PATH: /home/matt/perl5/bin
PATH: /home/matt/perl5/bin
PATH: /usr/lib64/qt-3.3/bin
PATH: /usr/lib64/ccache
PATH: /usr/local/bin
PATH: /usr/bin
PATH: /bin
PATH: /home/matt/bin
PATH: /home/matt/node_modules/.bin
PATH: /usr/local/sbin
PATH: /usr/sbin
PATH: /home/matt/bin


## ----------- ##
## Core tests. ##
## ----------- ##

configure:2321: checking for a BSD-compatible install
configure:2389: result: /usr/bin/install -c
configure:2400: checking whether build environment is sane
configure:2455: result: yes
configure:2606: checking for a thread-safe mkdir -p
configure:2645: result: /usr/bin/mkdir -p
configure:2652: checking for gawk
configure:2668: found /usr/bin/gawk
configure:2679: result: gawk
configure:2690: checking whether make sets $(MAKE)
configure:2712: result: yes
configure:2741: checking whether make supports nested variables
configure:2758: result: yes
configure:2853: checking whether make supports nested variables
configure:2870: result: yes
configure:2929: checking for gcc
configure:2945: found /usr/lib64/ccache/gcc
configure:2956: result: gcc
configure:3185: checking for C compiler version
configure:3194: gcc --version >&5
gcc (GCC) 4.8.3 20140911 (Red Hat 4.8.3-7)
Copyright (C) 2013 Free Software Foundation, Inc.
This is free software; see the source for copying conditions.  There is NO
warranty; not even for MERCHANTABILITY or FITNESS FOR A PARTICULAR PURPOSE.

configure:3205: $? = 0
configure:3194: gcc -v >&5
Using built-in specs.
COLLECT_GCC=/usr/bin/gcc
COLLECT_LTO_WRAPPER=/usr/libexec/gcc/x86_64-redhat-linux/4.8.3/lto-wrapper
Target: x86_64-redhat-linux
Configured with: ../configure --prefix=/usr --mandir=/usr/share/man --infodir=/usr/share/info --with-bugurl=http://bugzilla.redhat.com/bugzilla --enable-bootstrap --enable-shared --enable-threads=posix --enable-checking=release --with-system-zlib --enable-__cxa_atexit --disable-libunwind-exceptions --enable-gnu-unique-object --enable-linker-build-id --with-linker-hash-style=gnu --enable-languages=c,c++,objc,obj-c++,java,fortran,ada,go,lto --enable-plugin --enable-initfini-array --enable-java-awt=gtk --disable-dssi --with-java-home=/usr/lib/jvm/java-1.5.0-gcj-1.5.0.0/jre --enable-libgcj-multifile --enable-java-maintainer-mode --with-ecj-jar=/usr/share/java/eclipse-ecj.jar --disable-libjava-multilib --with-isl=/builddir/build/BUILD/gcc-4.8.3-20140911/obj-x86_64-redhat-linux/isl-install --with-cloog=/builddir/build/BUILD/gcc-4.8.3-20140911/obj-x86_64-redhat-linux/cloog-install --with-tune=generic --with-arch_32=i686 --build=x86_64-redhat-linux
Thread model: posix
gcc version 4.8.3 20140911 (Red Hat 4.8.3-7) (GCC) 
configure:3205: $? = 0
configure:3194: gcc -V >&5
gcc: error: unrecognized command line option '-V'
gcc: fatal error: no input files
compilation terminated.
configure:3205: $? = 4
configure:3194: gcc -qversion >&5
gcc: error: unrecognized command line option '-qversion'
gcc: fatal error: no input files
compilation terminated.
configure:3205: $? = 4
configure:3225: checking whether the C compiler works
configure:3247: gcc    conftest.c  >&5
configure:3251: $? = 0
configure:3299: result: yes
configure:3302: checking for C compiler default output file name
configure:3304: result: a.out
configure:3310: checking for suffix of executables
configure:3317: gcc -o conftest    conftest.c  >&5
configure:3321: $? = 0
configure:3343: result: 
configure:3365: checking whether we are cross compiling
configure:3373: gcc -o conftest    conftest.c  >&5
configure:3377: $? = 0
configure:3384: ./conftest
configure:3388: $? = 0
configure:3403: result: no
configure:3408: checking for suffix of object files
configure:3430: gcc -c   conftest.c >&5
configure:3434: $? = 0
configure:3455: result: o
configure:3459: checking whether we are using the GNU C compiler
configure:3478: gcc -c   conftest.c >&5
configure:3478: $? = 0
configure:3487: result: yes
configure:3496: checking whether gcc accepts -g
configure:3516: gcc -c -g  conftest.c >&5
configure:3516: $? = 0
configure:3557: result: yes
configure:3574: checking for gcc option to accept ISO C89
configure:3637: gcc  -c -g -O2  conftest.c >&5
configure:3637: $? = 0
configure:3650: result: none needed
configure:3681: checking for style of include used by make
configure:3709: result: GNU
configure:3735: checking dependency style of gcc
configure:3846: result: gcc3
configure:3919: checking for g++
configure:3935: found /usr/lib64/ccache/g++
configure:3946: result: g++
configure:3973: checking for C++ compiler version
configure:3982: g++ --version >&5
g++ (GCC) 4.8.3 20140911 (Red Hat 4.8.3-7)
Copyright (C) 2013 Free Software Foundation, Inc.
This is free software; see the source for copying conditions.  There is NO
warranty; not even for MERCHANTABILITY or FITNESS FOR A PARTICULAR PURPOSE.

configure:3993: $? = 0
configure:3982: g++ -v >&5
Using built-in specs.
COLLECT_GCC=/usr/bin/g++
COLLECT_LTO_WRAPPER=/usr/libexec/gcc/x86_64-redhat-linux/4.8.3/lto-wrapper
Target: x86_64-redhat-linux
Configured with: ../configure --prefix=/usr --mandir=/usr/share/man --infodir=/usr/share/info --with-bugurl=http://bugzilla.redhat.com/bugzilla --enable-bootstrap --enable-shared --enable-threads=posix --enable-checking=release --with-system-zlib --enable-__cxa_atexit --disable-libunwind-exceptions --enable-gnu-unique-object --enable-linker-build-id --with-linker-hash-style=gnu --enable-languages=c,c++,objc,obj-c++,java,fortran,ada,go,lto --enable-plugin --enable-initfini-array --enable-java-awt=gtk --disable-dssi --with-java-home=/usr/lib/jvm/java-1.5.0-gcj-1.5.0.0/jre --enable-libgcj-multifile --enable-java-maintainer-mode --with-ecj-jar=/usr/share/java/eclipse-ecj.jar --disable-libjava-multilib --with-isl=/builddir/build/BUILD/gcc-4.8.3-20140911/obj-x86_64-redhat-linux/isl-install --with-cloog=/builddir/build/BUILD/gcc-4.8.3-20140911/obj-x86_64-redhat-linux/cloog-install --with-tune=generic --with-arch_32=i686 --build=x86_64-redhat-linux
Thread model: posix
gcc version 4.8.3 20140911 (Red Hat 4.8.3-7) (GCC) 
configure:3993: $? = 0
configure:3982: g++ -V >&5
g++: error: unrecognized command line option '-V'
g++: fatal error: no input files
compilation terminated.
configure:3993: $? = 4
configure:3982: g++ -qversion >&5
g++: error: unrecognized command line option '-qversion'
g++: fatal error: no input files
compilation terminated.
configure:3993: $? = 4
configure:3997: checking whether we are using the GNU C++ compiler
configure:4016: g++ -c   conftest.cpp >&5
configure:4016: $? = 0
configure:4025: result: yes
configure:4034: checking whether g++ accepts -g
configure:4054: g++ -c -g  conftest.cpp >&5
configure:4054: $? = 0
configure:4095: result: yes
configure:4120: checking dependency style of g++
configure:4231: result: gcc3
configure:4255: checking for g++ option to support OpenMP
configure:4270: g++ -o conftest -g -O2   conftest.cpp  >&5
conftest.cpp:13:2: error: 'choke' does not name a type
  choke me
  ^
In file included from conftest.cpp:15:0:
/usr/lib/gcc/x86_64-redhat-linux/4.8.3/include/omp.h:38:3: error: 'omp_lock_t' does not name a type
 } omp_lock_t;
   ^
/usr/lib/gcc/x86_64-redhat-linux/4.8.3/include/omp.h:76:28: error: variable or field 'omp_init_lock' declared void
 extern void omp_init_lock (omp_lock_t *) __GOMP_NOTHROW;
                            ^
/usr/lib/gcc/x86_64-redhat-linux/4.8.3/include/omp.h:76:28: error: 'omp_lock_t' was not declared in this scope
/usr/lib/gcc/x86_64-redhat-linux/4.8.3/include/omp.h:76:40: error: expected primary-expression before ')' token
 extern void omp_init_lock (omp_lock_t *) __GOMP_NOTHROW;
                                        ^
/usr/lib/gcc/x86_64-redhat-linux/4.8.3/include/omp.h:77:31: error: variable or field 'omp_destroy_lock' declared void
 extern void omp_destroy_lock (omp_lock_t *) __GOMP_NOTHROW;
                               ^
/usr/lib/gcc/x86_64-redhat-linux/4.8.3/include/omp.h:77:31: error: 'omp_lock_t' was not declared in this scope
/usr/lib/gcc/x86_64-redhat-linux/4.8.3/include/omp.h:77:43: error: expected primary-expression before ')' token
 extern void omp_destroy_lock (omp_lock_t *) __GOMP_NOTHROW;
                                           ^
/usr/lib/gcc/x86_64-redhat-linux/4.8.3/include/omp.h:78:27: error: variable or field 'omp_set_lock' declared void
 extern void omp_set_lock (omp_lock_t *) __GOMP_NOTHROW;
                           ^
/usr/lib/gcc/x86_64-redhat-linux/4.8.3/include/omp.h:78:27: error: 'omp_lock_t' was not declared in this scope
/usr/lib/gcc/x86_64-redhat-linux/4.8.3/include/omp.h:78:39: error: expected primary-expression before ')' token
 extern void omp_set_lock (omp_lock_t *) __GOMP_NOTHROW;
                                       ^
/usr/lib/gcc/x86_64-redhat-linux/4.8.3/include/omp.h:79:29: error: variable or field 'omp_unset_lock' declared void
 extern void omp_unset_lock (omp_lock_t *) __GOMP_NOTHROW;
                             ^
/usr/lib/gcc/x86_64-redhat-linux/4.8.3/include/omp.h:79:29: error: 'omp_lock_t' was not declared in this scope
/usr/lib/gcc/x86_64-redhat-linux/4.8.3/include/omp.h:79:41: error: expected primary-expression before ')' token
 extern void omp_unset_lock (omp_lock_t *) __GOMP_NOTHROW;
                                         ^
/usr/lib/gcc/x86_64-redhat-linux/4.8.3/include/omp.h:80:27: error: 'omp_lock_t' was not declared in this scope
 extern int omp_test_lock (omp_lock_t *) __GOMP_NOTHROW;
                           ^
/usr/lib/gcc/x86_64-redhat-linux/4.8.3/include/omp.h:80:39: error: expected primary-expression before ')' token
 extern int omp_test_lock (omp_lock_t *) __GOMP_NOTHROW;
                                       ^
/usr/lib/gcc/x86_64-redhat-linux/4.8.3/include/omp.h:80:41: error: expected ',' or ';' before 'throw'
 extern int omp_test_lock (omp_lock_t *) __GOMP_NOTHROW;
                                         ^
configure:4270: $? = 1
configure: failed program was:
| /* confdefs.h */
| #define PACKAGE_NAME "primesieve"
| #define PACKAGE_TARNAME "primesieve"
| #define PACKAGE_VERSION "5.4.2"
| #define PACKAGE_STRING "primesieve 5.4.2"
| #define PACKAGE_BUGREPORT "kim.walisch@gmail.com"
| #define PACKAGE_URL ""
| #define PACKAGE "primesieve"
| #define VERSION "5.4.2"
| /* end confdefs.h.  */
| 
| #ifndef _OPENMP
|  choke me
| #endif
| #include <omp.h>
| int main () { return omp_get_num_threads (); }
| 
configure:4288: g++ -o conftest -g -O2 -fopenmp   conftest.cpp  >&5
configure:4288: $? = 0
configure:4302: result: -fopenmp
configure:4317: checking build system type
configure:4331: result: x86_64-unknown-linux-gnu
configure:4351: checking host system type
configure:4364: result: x86_64-unknown-linux-gnu
configure:4433: checking for ar
configure:4449: found /usr/bin/ar
configure:4460: result: ar
configure:4486: checking the archiver (ar) interface
configure:4496: g++ -c -g -O2  conftest.cpp >&5
configure:4496: $? = 0
configure:4498: ar cru libconftest.a conftest.o >&5
configure:4501: $? = 0
configure:4524: result: ar
configure:4546: checking whether gcc and cc understand -c and -o together
configure:4577: gcc -c conftest.cpp -o conftest2.o >&5
configure:4581: $? = 0
configure:4587: gcc -c conftest.cpp -o conftest2.o >&5
configure:4591: $? = 0
configure:4602: cc -c conftest.cpp >&5
configure:4606: $? = 0
configure:4614: cc -c conftest.cpp -o conftest2.o >&5
configure:4618: $? = 0
configure:4624: cc -c conftest.cpp -o conftest2.o >&5
configure:4628: $? = 0
configure:4646: result: yes
configure:4717: checking how to print strings
configure:4744: result: printf
configure:4765: checking for a sed that does not truncate output
configure:4829: result: /usr/bin/sed
configure:4847: checking for grep that handles long lines and -e
configure:4905: result: /usr/bin/grep
configure:4910: checking for egrep
configure:4972: result: /usr/bin/grep -E
configure:4977: checking for fgrep
configure:5039: result: /usr/bin/grep -F
configure:5074: checking for ld used by gcc
configure:5141: result: /usr/bin/ld
configure:5148: checking if the linker (/usr/bin/ld) is GNU ld
configure:5163: result: yes
configure:5175: checking for BSD- or MS-compatible name lister (nm)
configure:5224: result: /usr/bin/nm -B
configure:5354: checking the name lister (/usr/bin/nm -B) interface
configure:5361: g++ -c -g -O2  conftest.cpp >&5
configure:5364: /usr/bin/nm -B "conftest.o"
configure:5367: output
0000000000000000 B some_variable
configure:5374: result: BSD nm
configure:5377: checking whether ln -s works
configure:5381: result: yes
configure:5389: checking the maximum length of command line arguments
configure:5519: result: 1572864
configure:5536: checking whether the shell understands some XSI constructs
configure:5546: result: yes
configure:5550: checking whether the shell understands "+="
configure:5556: result: yes
configure:5591: checking how to convert x86_64-unknown-linux-gnu file names to x86_64-unknown-linux-gnu format
configure:5631: result: func_convert_file_noop
configure:5638: checking how to convert x86_64-unknown-linux-gnu file names to toolchain format
configure:5658: result: func_convert_file_noop
configure:5665: checking for /usr/bin/ld option to reload object files
configure:5672: result: -r
configure:5746: checking for objdump
configure:5762: found /usr/bin/objdump
configure:5773: result: objdump
configure:5805: checking how to recognize dependent libraries
configure:6007: result: pass_all
configure:6092: checking for dlltool
configure:6122: result: no
configure:6152: checking how to associate runtime and link libraries
configure:6179: result: printf %s\n
configure:6303: checking for archiver @FILE support
configure:6320: g++ -c -g -O2  conftest.cpp >&5
configure:6320: $? = 0
configure:6323: ar cru libconftest.a @conftest.lst >&5
configure:6326: $? = 0
configure:6331: ar cru libconftest.a @conftest.lst >&5
ar: conftest.o: No such file or directory
configure:6334: $? = 1
configure:6346: result: @
configure:6404: checking for strip
configure:6420: found /usr/bin/strip
configure:6431: result: strip
configure:6503: checking for ranlib
configure:6519: found /usr/bin/ranlib
configure:6530: result: ranlib
configure:6632: checking command to parse /usr/bin/nm -B output from gcc object
configure:6752: g++ -c -g -O2  conftest.cpp >&5
configure:6755: $? = 0
configure:6759: /usr/bin/nm -B conftest.o \| sed -n -e 's/^.*[ ]\([ABCDGIRSTW][ABCDGIRSTW]*\)[ ][ ]*\([_A-Za-z][_A-Za-z0-9]*\)$/\1 \2 \2/p' | sed '/ __gnu_lto/d' \> conftest.nm
configure:6762: $? = 0
configure:6828: g++ -o conftest -g -O2   conftest.cpp conftstm.o >&5
configure:6831: $? = 0
configure:6869: result: ok
configure:6906: checking for sysroot
configure:6936: result: no
configure:7014: g++ -c -g -O2  conftest.cpp >&5
configure:7017: $? = 0
configure:7199: checking for mt
configure:7229: result: no
configure:7249: checking if : is a manifest tool
configure:7255: : '-?'
configure:7263: result: no
configure:7905: checking how to run the C preprocessor
configure:7936: gcc -E  conftest.c
configure:7936: $? = 0
configure:7950: gcc -E  conftest.c
conftest.c:11:28: fatal error: ac_nonexistent.h: No such file or directory
 #include <ac_nonexistent.h>
                            ^
compilation terminated.
configure:7950: $? = 1
configure: failed program was:
| /* confdefs.h */
| #define PACKAGE_NAME "primesieve"
| #define PACKAGE_TARNAME "primesieve"
| #define PACKAGE_VERSION "5.4.2"
| #define PACKAGE_STRING "primesieve 5.4.2"
| #define PACKAGE_BUGREPORT "kim.walisch@gmail.com"
| #define PACKAGE_URL ""
| #define PACKAGE "primesieve"
| #define VERSION "5.4.2"
| /* end confdefs.h.  */
| #include <ac_nonexistent.h>
configure:7975: result: gcc -E
configure:7995: gcc -E  conftest.c
configure:7995: $? = 0
configure:8009: gcc -E  conftest.c
conftest.c:11:28: fatal error: ac_nonexistent.h: No such file or directory
 #include <ac_nonexistent.h>
                            ^
compilation terminated.
configure:8009: $? = 1
configure: failed program was:
| /* confdefs.h */
| #define PACKAGE_NAME "primesieve"
| #define PACKAGE_TARNAME "primesieve"
| #define PACKAGE_VERSION "5.4.2"
| #define PACKAGE_STRING "primesieve 5.4.2"
| #define PACKAGE_BUGREPORT "kim.walisch@gmail.com"
| #define PACKAGE_URL ""
| #define PACKAGE "primesieve"
| #define VERSION "5.4.2"
| /* end confdefs.h.  */
| #include <ac_nonexistent.h>
configure:8038: checking for ANSI C header files
configure:8058: gcc -c -g -O2  conftest.c >&5
configure:8058: $? = 0
configure:8131: gcc -o conftest -g -O2   conftest.c  >&5
configure:8131: $? = 0
configure:8131: ./conftest
configure:8131: $? = 0
configure:8142: result: yes
configure:8155: checking for sys/types.h
configure:8155: gcc -c -g -O2  conftest.c >&5
configure:8155: $? = 0
configure:8155: result: yes
configure:8155: checking for sys/stat.h
configure:8155: gcc -c -g -O2  conftest.c >&5
configure:8155: $? = 0
configure:8155: result: yes
configure:8155: checking for stdlib.h
configure:8155: gcc -c -g -O2  conftest.c >&5
configure:8155: $? = 0
configure:8155: result: yes
configure:8155: checking for string.h
configure:8155: gcc -c -g -O2  conftest.c >&5
configure:8155: $? = 0
configure:8155: result: yes
configure:8155: checking for memory.h
configure:8155: gcc -c -g -O2  conftest.c >&5
configure:8155: $? = 0
configure:8155: result: yes
configure:8155: checking for strings.h
configure:8155: gcc -c -g -O2  conftest.c >&5
configure:8155: $? = 0
configure:8155: result: yes
configure:8155: checking for inttypes.h
configure:8155: gcc -c -g -O2  conftest.c >&5
configure:8155: $? = 0
configure:8155: result: yes
configure:8155: checking for stdint.h
configure:8155: gcc -c -g -O2  conftest.c >&5
configure:8155: $? = 0
configure:8155: result: yes
configure:8155: checking for unistd.h
configure:8155: gcc -c -g -O2  conftest.c >&5
configure:8155: $? = 0
configure:8155: result: yes
configure:8169: checking for dlfcn.h
configure:8169: gcc -c -g -O2  conftest.c >&5
configure:8169: $? = 0
configure:8169: result: yes
configure:8385: checking for objdir
configure:8400: result: .libs
configure:8671: checking if gcc supports -fno-rtti -fno-exceptions
configure:8689: gcc -c -g -O2  -fno-rtti -fno-exceptions conftest.c >&5
cc1: warning: command line option '-fno-rtti' is valid for C++/ObjC++ but not for C [enabled by default]
cc1: warning: command line option '-fno-rtti' is valid for C++/ObjC++ but not for C [enabled by default]
configure:8693: $? = 0
configure:8706: result: no
configure:9033: checking for gcc option to produce PIC
configure:9040: result: -fPIC -DPIC
configure:9048: checking if gcc PIC flag -fPIC -DPIC works
configure:9066: gcc -c -g -O2  -fPIC -DPIC -DPIC conftest.c >&5
configure:9070: $? = 0
configure:9083: result: yes
configure:9112: checking if gcc static flag -static works
configure:9140: result: no
configure:9155: checking if gcc supports -c -o file.o
configure:9176: gcc -c -g -O2  -o out/conftest2.o conftest.c >&5
configure:9180: $? = 0
configure:9202: result: yes
configure:9210: checking if gcc supports -c -o file.o
configure:9257: result: yes
configure:9290: checking whether the gcc linker (/usr/bin/ld -m elf_x86_64) supports shared libraries
configure:10443: result: yes
configure:10480: checking whether -lc should be explicitly linked in
configure:10488: gcc -c -g -O2  conftest.c >&5
configure:10491: $? = 0
configure:10506: gcc -shared  -fPIC -DPIC conftest.o  -v -Wl,-soname -Wl,conftest -o conftest 2\>\&1 \| /usr/bin/grep  -lc  \>/dev/null 2\>\&1
configure:10509: $? = 0
configure:10523: result: no
configure:10683: checking dynamic linker characteristics
configure:11194: gcc -o conftest -g -O2   -Wl,-rpath -Wl,/foo conftest.c  >&5
configure:11194: $? = 0
configure:11420: result: GNU/Linux ld.so
configure:11527: checking how to hardcode library paths into programs
configure:11552: result: immediate
configure:12092: checking whether stripping libraries is possible
configure:12097: result: yes
configure:12132: checking if libtool supports shared libraries
configure:12134: result: yes
configure:12137: checking whether to build shared libraries
configure:12158: result: yes
configure:12161: checking whether to build static libraries
configure:12165: result: yes
configure:12188: checking how to run the C++ preprocessor
configure:12215: g++ -E  conftest.cpp
configure:12215: $? = 0
configure:12229: g++ -E  conftest.cpp
conftest.cpp:23:28: fatal error: ac_nonexistent.h: No such file or directory
 #include <ac_nonexistent.h>
                            ^
compilation terminated.
configure:12229: $? = 1
configure: failed program was:
| /* confdefs.h */
| #define PACKAGE_NAME "primesieve"
| #define PACKAGE_TARNAME "primesieve"
| #define PACKAGE_VERSION "5.4.2"
| #define PACKAGE_STRING "primesieve 5.4.2"
| #define PACKAGE_BUGREPORT "kim.walisch@gmail.com"
| #define PACKAGE_URL ""
| #define PACKAGE "primesieve"
| #define VERSION "5.4.2"
| #define STDC_HEADERS 1
| #define HAVE_SYS_TYPES_H 1
| #define HAVE_SYS_STAT_H 1
| #define HAVE_STDLIB_H 1
| #define HAVE_STRING_H 1
| #define HAVE_MEMORY_H 1
| #define HAVE_STRINGS_H 1
| #define HAVE_INTTYPES_H 1
| #define HAVE_STDINT_H 1
| #define HAVE_UNISTD_H 1
| #define HAVE_DLFCN_H 1
| #define LT_OBJDIR ".libs/"
| /* end confdefs.h.  */
| #include <ac_nonexistent.h>
configure:12254: result: g++ -E
configure:12274: g++ -E  conftest.cpp
configure:12274: $? = 0
configure:12288: g++ -E  conftest.cpp
conftest.cpp:23:28: fatal error: ac_nonexistent.h: No such file or directory
 #include <ac_nonexistent.h>
                            ^
compilation terminated.
configure:12288: $? = 1
configure: failed program was:
| /* confdefs.h */
| #define PACKAGE_NAME "primesieve"
| #define PACKAGE_TARNAME "primesieve"
| #define PACKAGE_VERSION "5.4.2"
| #define PACKAGE_STRING "primesieve 5.4.2"
| #define PACKAGE_BUGREPORT "kim.walisch@gmail.com"
| #define PACKAGE_URL ""
| #define PACKAGE "primesieve"
| #define VERSION "5.4.2"
| #define STDC_HEADERS 1
| #define HAVE_SYS_TYPES_H 1
| #define HAVE_SYS_STAT_H 1
| #define HAVE_STDLIB_H 1
| #define HAVE_STRING_H 1
| #define HAVE_MEMORY_H 1
| #define HAVE_STRINGS_H 1
| #define HAVE_INTTYPES_H 1
| #define HAVE_STDINT_H 1
| #define HAVE_UNISTD_H 1
| #define HAVE_DLFCN_H 1
| #define LT_OBJDIR ".libs/"
| /* end confdefs.h.  */
| #include <ac_nonexistent.h>
configure:12457: checking for ld used by g++
configure:12524: result: /usr/bin/ld -m elf_x86_64
configure:12531: checking if the linker (/usr/bin/ld -m elf_x86_64) is GNU ld
configure:12546: result: yes
configure:12601: checking whether the g++ linker (/usr/bin/ld -m elf_x86_64) supports shared libraries
configure:13606: result: yes
configure:13642: g++ -c -g -O2  conftest.cpp >&5
configure:13645: $? = 0
configure:14165: checking for g++ option to produce PIC
configure:14172: result: -fPIC -DPIC
configure:14180: checking if g++ PIC flag -fPIC -DPIC works
configure:14198: g++ -c -g -O2  -fPIC -DPIC -DPIC conftest.cpp >&5
configure:14202: $? = 0
configure:14215: result: yes
configure:14238: checking if g++ static flag -static works
configure:14266: result: no
configure:14278: checking if g++ supports -c -o file.o
configure:14299: g++ -c -g -O2  -o out/conftest2.o conftest.cpp >&5
configure:14303: $? = 0
configure:14325: result: yes
configure:14330: checking if g++ supports -c -o file.o
configure:14377: result: yes
configure:14407: checking whether the g++ linker (/usr/bin/ld -m elf_x86_64) supports shared libraries
configure:14443: result: yes
configure:14584: checking dynamic linker characteristics
configure:15255: result: GNU/Linux ld.so
configure:15308: checking how to hardcode library paths into programs
configure:15333: result: immediate
configure:15623: checking that generated files are newer than configure
configure:15629: result: done
configure:15672: creating ./config.status

## ---------------------- ##
## Running config.status. ##
## ---------------------- ##

This file was extended by primesieve config.status 5.4.2, which was
generated by GNU Autoconf 2.69.  Invocation command line was

  CONFIG_FILES    = 
  CONFIG_HEADERS  = 
  CONFIG_LINKS    = 
  CONFIG_COMMANDS = 
  $ ./config.status 

on trinity

config.status:1153: creating Makefile
config.status:1153: creating config.h
config.status:1334: config.h is unchanged
config.status:1382: executing depfiles commands
config.status:1382: executing libtool commands
configure:18163: NOTICE: using L1_DCACHE_SIZE=32 (kilobytes)
configure:18172: NOTICE: using SIEVESIZE=32 (kilobytes)

## ---------------- ##
## Cache variables. ##
## ---------------- ##

ac_cv_build=x86_64-unknown-linux-gnu
ac_cv_c_compiler_gnu=yes
ac_cv_cxx_compiler_gnu=yes
ac_cv_env_CCC_set=
ac_cv_env_CCC_value=
ac_cv_env_CC_set=
ac_cv_env_CC_value=
ac_cv_env_CFLAGS_set=
ac_cv_env_CFLAGS_value=
ac_cv_env_CPPFLAGS_set=
ac_cv_env_CPPFLAGS_value=
ac_cv_env_CPP_set=
ac_cv_env_CPP_value=
ac_cv_env_CXXCPP_set=
ac_cv_env_CXXCPP_value=
ac_cv_env_CXXFLAGS_set=
ac_cv_env_CXXFLAGS_value=
ac_cv_env_CXX_set=
ac_cv_env_CXX_value=
ac_cv_env_L1_DCACHE_SIZE_set=
ac_cv_env_L1_DCACHE_SIZE_value=
ac_cv_env_LDFLAGS_set=
ac_cv_env_LDFLAGS_value=
ac_cv_env_LIBS_set=
ac_cv_env_LIBS_value=
ac_cv_env_SIEVESIZE_set=
ac_cv_env_SIEVESIZE_value=
ac_cv_env_build_alias_set=
ac_cv_env_build_alias_value=
ac_cv_env_host_alias_set=
ac_cv_env_host_alias_value=
ac_cv_env_target_alias_set=
ac_cv_env_target_alias_value=
ac_cv_header_dlfcn_h=yes
ac_cv_header_inttypes_h=yes
ac_cv_header_memory_h=yes
ac_cv_header_stdc=yes
ac_cv_header_stdint_h=yes
ac_cv_header_stdlib_h=yes
ac_cv_header_string_h=yes
ac_cv_header_strings_h=yes
ac_cv_header_sys_stat_h=yes
ac_cv_header_sys_types_h=yes
ac_cv_header_unistd_h=yes
ac_cv_host=x86_64-unknown-linux-gnu
ac_cv_objext=o
ac_cv_path_EGREP='/usr/bin/grep -E'
ac_cv_path_FGREP='/usr/bin/grep -F'
ac_cv_path_GREP=/usr/bin/grep
ac_cv_path_SED=/usr/bin/sed
ac_cv_path_install='/usr/bin/install -c'
ac_cv_path_mkdir=/usr/bin/mkdir
ac_cv_prog_AWK=gawk
ac_cv_prog_CPP='gcc -E'
ac_cv_prog_CXXCPP='g++ -E'
ac_cv_prog_ac_ct_AR=ar
ac_cv_prog_ac_ct_CC=gcc
ac_cv_prog_ac_ct_CXX=g++
ac_cv_prog_ac_ct_OBJDUMP=objdump
ac_cv_prog_ac_ct_RANLIB=ranlib
ac_cv_prog_ac_ct_STRIP=strip
ac_cv_prog_cc_c89=
ac_cv_prog_cc_g=yes
ac_cv_prog_cc_gcc_c_o=yes
ac_cv_prog_cxx_g=yes
ac_cv_prog_cxx_openmp=-fopenmp
ac_cv_prog_make_make_set=yes
am_cv_CC_dependencies_compiler_type=gcc3
am_cv_CXX_dependencies_compiler_type=gcc3
am_cv_ar_interface=ar
am_cv_make_support_nested_variables=yes
lt_cv_ar_at_file=@
lt_cv_archive_cmds_need_lc=no
lt_cv_deplibs_check_method=pass_all
lt_cv_file_magic_cmd='$MAGIC_CMD'
lt_cv_file_magic_test_file=
lt_cv_ld_reload_flag=-r
lt_cv_nm_interface='BSD nm'
lt_cv_objdir=.libs
lt_cv_path_LD=/usr/bin/ld
lt_cv_path_LDCXX='/usr/bin/ld -m elf_x86_64'
lt_cv_path_NM='/usr/bin/nm -B'
lt_cv_path_mainfest_tool=no
lt_cv_prog_compiler_c_o=yes
lt_cv_prog_compiler_c_o_CXX=yes
lt_cv_prog_compiler_pic='-fPIC -DPIC'
lt_cv_prog_compiler_pic_CXX='-fPIC -DPIC'
lt_cv_prog_compiler_pic_works=yes
lt_cv_prog_compiler_pic_works_CXX=yes
lt_cv_prog_compiler_rtti_exceptions=no
lt_cv_prog_compiler_static_works=no
lt_cv_prog_compiler_static_works_CXX=no
lt_cv_prog_gnu_ld=yes
lt_cv_prog_gnu_ldcxx=yes
lt_cv_sharedlib_from_linklib_cmd='printf %s\n'
lt_cv_shlibpath_overrides_runpath=no
lt_cv_sys_global_symbol_pipe='sed -n -e '\''s/^.*[	 ]\([ABCDGIRSTW][ABCDGIRSTW]*\)[	 ][	 ]*\([_A-Za-z][_A-Za-z0-9]*\)$/\1 \2 \2/p'\'' | sed '\''/ __gnu_lto/d'\'''
lt_cv_sys_global_symbol_to_c_name_address='sed -n -e '\''s/^: \([^ ]*\)[ ]*$/  {\"\1\", (void *) 0},/p'\'' -e '\''s/^[ABCDGIRSTW]* \([^ ]*\) \([^ ]*\)$/  {"\2", (void *) \&\2},/p'\'''
lt_cv_sys_global_symbol_to_c_name_address_lib_prefix='sed -n -e '\''s/^: \([^ ]*\)[ ]*$/  {\"\1\", (void *) 0},/p'\'' -e '\''s/^[ABCDGIRSTW]* \([^ ]*\) \(lib[^ ]*\)$/  {"\2", (void *) \&\2},/p'\'' -e '\''s/^[ABCDGIRSTW]* \([^ ]*\) \([^ ]*\)$/  {"lib\2", (void *) \&\2},/p'\'''
lt_cv_sys_global_symbol_to_cdecl='sed -n -e '\''s/^T .* \(.*\)$/extern int \1();/p'\'' -e '\''s/^[ABCDGIRSTW]* .* \(.*\)$/extern char \1;/p'\'''
lt_cv_sys_max_cmd_len=1572864
lt_cv_to_host_file_cmd=func_convert_file_noop
lt_cv_to_tool_file_cmd=func_convert_file_noop

## ----------------- ##
## Output variables. ##
## ----------------- ##

ACLOCAL='${SHELL} /home/matt/Desktop/primesieve-python/lib/primesieve/missing aclocal-1.13'
AMDEPBACKSLASH='\'
AMDEP_FALSE='#'
AMDEP_TRUE=''
AMTAR='$${TAR-tar}'
AM_BACKSLASH='\'
AM_DEFAULT_V='$(AM_DEFAULT_VERBOSITY)'
AM_DEFAULT_VERBOSITY='0'
AM_V='$(V)'
AR='ar'
AUTOCONF='${SHELL} /home/matt/Desktop/primesieve-python/lib/primesieve/missing autoconf'
AUTOHEADER='${SHELL} /home/matt/Desktop/primesieve-python/lib/primesieve/missing autoheader'
AUTOMAKE='${SHELL} /home/matt/Desktop/primesieve-python/lib/primesieve/missing automake-1.13'
AWK='gawk'
CC='gcc'
CCDEPMODE='depmode=gcc3'
CFLAGS='-g -O2'
CPP='gcc -E'
CPPFLAGS=''
CXX='g++'
CXXCPP='g++ -E'
CXXDEPMODE='depmode=gcc3'
CXXFLAGS='-g -O2'
CYGPATH_W='echo'
DEFS='-DHAVE_CONFIG_H'
DEPDIR='.deps'
DLLTOOL='false'
DSYMUTIL=''
DUMPBIN=''
ECHO_C=''
ECHO_N='-n'
ECHO_T=''
EGREP='/usr/bin/grep -E'
EXEEXT=''
FGREP='/usr/bin/grep -F'
FORCE_SHARED_LIBRARY_FALSE=''
FORCE_SHARED_LIBRARY_TRUE='#'
GREP='/usr/bin/grep'
INSTALL_DATA='${INSTALL} -m 644'
INSTALL_PROGRAM='${INSTALL}'
INSTALL_SCRIPT='${INSTALL}'
INSTALL_STRIP_PROGRAM='$(install_sh) -c -s'
L1_DCACHE_SIZE='32'
LD='/usr/bin/ld -m elf_x86_64'
LDFLAGS=''
LIBOBJS=''
LIBS=''
LIBTOOL='$(SHELL) $(top_builddir)/libtool'
LIPO=''
LN_S='ln -s'
LTLIBOBJS=''
MAKEINFO='${SHELL} /home/matt/Desktop/primesieve-python/lib/primesieve/missing makeinfo'
MAKE_EXAMPLES_FALSE=''
MAKE_EXAMPLES_TRUE='#'
MANIFEST_TOOL=':'
MKDIR_P='/usr/bin/mkdir -p'
NM='/usr/bin/nm -B'
NMEDIT=''
OBJDUMP='objdump'
OBJEXT='o'
OPENMP_CXXFLAGS='-fopenmp'
OTOOL64=''
OTOOL=''
PACKAGE='primesieve'
PACKAGE_BUGREPORT='kim.walisch@gmail.com'
PACKAGE_NAME='primesieve'
PACKAGE_STRING='primesieve 5.4.2'
PACKAGE_TARNAME='primesieve'
PACKAGE_URL=''
PACKAGE_VERSION='5.4.2'
PATH_SEPARATOR=':'
RANLIB='ranlib'
SED='/usr/bin/sed'
SET_MAKE=''
SHELL='/bin/sh'
SIEVESIZE='32'
STRIP='strip'
VERSION='5.4.2'
ac_ct_AR='ar'
ac_ct_CC='gcc'
ac_ct_CXX='g++'
ac_ct_DUMPBIN=''
am__EXEEXT_FALSE=''
am__EXEEXT_TRUE='#'
am__fastdepCC_FALSE='#'
am__fastdepCC_TRUE=''
am__fastdepCXX_FALSE='#'
am__fastdepCXX_TRUE=''
am__include='include'
am__isrc=''
am__leading_dot='.'
am__nodep='_no'
am__quote=''
am__tar='$${TAR-tar} chof - "$$tardir"'
am__untar='$${TAR-tar} xf -'
bindir='${exec_prefix}/bin'
build='x86_64-unknown-linux-gnu'
build_alias=''
build_cpu='x86_64'
build_os='linux-gnu'
build_vendor='unknown'
datadir='${datarootdir}'
datarootdir='${prefix}/share'
docdir='${datarootdir}/doc/${PACKAGE_TARNAME}'
dvidir='${docdir}'
exec_prefix='${prefix}'
host='x86_64-unknown-linux-gnu'
host_alias=''
host_cpu='x86_64'
host_os='linux-gnu'
host_vendor='unknown'
htmldir='${docdir}'
includedir='${prefix}/include'
infodir='${datarootdir}/info'
install_sh='${SHELL} /home/matt/Desktop/primesieve-python/lib/primesieve/install-sh'
libdir='${exec_prefix}/lib'
libexecdir='${exec_prefix}/libexec'
localedir='${datarootdir}/locale'
localstatedir='${prefix}/var'
mandir='${datarootdir}/man'
mkdir_p='$(MKDIR_P)'
oldincludedir='/usr/include'
pdfdir='${docdir}'
prefix='/home/matt'
primesieve_lib_version='4:2:0'
program_transform_name='s,x,x,'
psdir='${docdir}'
sbindir='${exec_prefix}/sbin'
sharedstatedir='${prefix}/com'
sysconfdir='${prefix}/etc'
target_alias=''

## ----------- ##
## confdefs.h. ##
## ----------- ##

/* confdefs.h */
#define PACKAGE_NAME "primesieve"
#define PACKAGE_TARNAME "primesieve"
#define PACKAGE_VERSION "5.4.2"
#define PACKAGE_STRING "primesieve 5.4.2"
#define PACKAGE_BUGREPORT "kim.walisch@gmail.com"
#define PACKAGE_URL ""
#define PACKAGE "primesieve"
#define VERSION "5.4.2"
#define STDC_HEADERS 1
#define HAVE_SYS_TYPES_H 1
#define HAVE_SYS_STAT_H 1
#define HAVE_STDLIB_H 1
#define HAVE_STRING_H 1
#define HAVE_MEMORY_H 1
#define HAVE_STRINGS_H 1
#define HAVE_INTTYPES_H 1
#define HAVE_STDINT_H 1
#define HAVE_UNISTD_H 1
#define HAVE_DLFCN_H 1
#define LT_OBJDIR ".libs/"
#define L1_DCACHE_SIZE 32
#define SIEVESIZE 32

configure: exit 0
