\BOOKMARK [-1][-]{part.1}{I Contents}{}% 1
\BOOKMARK [0][-]{chapter.1}{About Abilian Core}{part.1}% 2
\BOOKMARK [1][-]{section.1.1}{Goals \046 principles}{chapter.1}% 3
\BOOKMARK [1][-]{section.1.2}{Features}{chapter.1}% 4
\BOOKMARK [1][-]{section.1.3}{Current status}{chapter.1}% 5
\BOOKMARK [1][-]{section.1.4}{Roadmap \046 getting involved}{chapter.1}% 6
\BOOKMARK [1][-]{section.1.5}{Licence}{chapter.1}% 7
\BOOKMARK [1][-]{section.1.6}{Credits}{chapter.1}% 8
\BOOKMARK [0][-]{chapter.2}{Installing Abilian Core}{part.1}% 9
\BOOKMARK [1][-]{section.2.1}{Testing}{chapter.2}% 10
\BOOKMARK [0][-]{chapter.3}{Constributing to Abilian Core}{part.1}% 11
\BOOKMARK [1][-]{section.3.1}{Project on GitHub}{chapter.3}% 12
\BOOKMARK [1][-]{section.3.2}{License and copyright}{chapter.3}% 13
\BOOKMARK [1][-]{section.3.3}{Build Status}{chapter.3}% 14
\BOOKMARK [1][-]{section.3.4}{Releasing}{chapter.3}% 15
\BOOKMARK [0][-]{chapter.4}{Coding standard}{part.1}% 16
\BOOKMARK [1][-]{section.4.1}{Additional rules}{chapter.4}% 17
\BOOKMARK [1][-]{section.4.2}{Notes}{chapter.4}% 18
\BOOKMARK [0][-]{chapter.5}{API}{part.1}% 19
\BOOKMARK [1][-]{section.5.1}{Package abilian}{chapter.5}% 20
\BOOKMARK [1][-]{section.5.2}{Package abilian.plugin}{chapter.5}% 21
\BOOKMARK [1][-]{section.5.3}{Package abilian.core}{chapter.5}% 22
\BOOKMARK [1][-]{section.5.4}{Package abilian.services}{chapter.5}% 23
\BOOKMARK [1][-]{section.5.5}{Package abilian.web}{chapter.5}% 24
\BOOKMARK [1][-]{section.5.6}{Package abilian.testing}{chapter.5}% 25
\BOOKMARK [0][-]{chapter.6}{Changelog for Abilian Core}{part.1}% 26
\BOOKMARK [1][-]{section.6.1}{0.3.5 \(2015-05-27\)}{chapter.6}% 27
\BOOKMARK [1][-]{section.6.2}{Updates}{chapter.6}% 28
\BOOKMARK [1][-]{section.6.3}{0.3.4 \(2015-04-14\)}{chapter.6}% 29
\BOOKMARK [1][-]{section.6.4}{0.3.3 \(2015-03-31\)}{chapter.6}% 30
\BOOKMARK [1][-]{section.6.5}{0.3.2 \(2014-12-23\)}{chapter.6}% 31
\BOOKMARK [1][-]{section.6.6}{0.3.1 \(2014-12-23\)}{chapter.6}% 32
\BOOKMARK [1][-]{section.6.7}{0.3.0 \(2014-12-23\)}{chapter.6}% 33
\BOOKMARK [1][-]{section.6.8}{0.2.0 \(2014-08-07\)}{chapter.6}% 34
\BOOKMARK [1][-]{section.6.9}{0.1.4 \(2014-03-27\)}{chapter.6}% 35
\BOOKMARK [1][-]{section.6.10}{0.1.3 \(2014-02-03\)}{chapter.6}% 36
\BOOKMARK [1][-]{section.6.11}{0.1.2 \(2014-01-11\)}{chapter.6}% 37
\BOOKMARK [1][-]{section.6.12}{0.1.1 \(2013-12-26\)}{chapter.6}% 38
\BOOKMARK [1][-]{section.6.13}{0.1 \(2013-12-13\)}{chapter.6}% 39
\BOOKMARK [0][-]{chapter.7}{Credits}{part.1}% 40
\BOOKMARK [1][-]{section.7.1}{Design, programming}{chapter.7}% 41
\BOOKMARK [1][-]{section.7.2}{Art \(images, icons\)}{chapter.7}% 42
\BOOKMARK [-1][-]{part.2}{II Indices and tables}{}% 43
\BOOKMARK [0][-]{section*.127}{Index}{part.2}% 44
